{"/home/olaish/Microverse/todo/src/modules/renderTodos.js": {"path":"/home/olaish/Microverse/todo/src/modules/renderTodos.js","statementMap":{"0":{"start":{"line":3,"column":20},"end":{"line":28,"column":1}},"1":{"start":{"line":4,"column":2},"end":{"line":4,"column":35}},"2":{"start":{"line":5,"column":15},"end":{"line":5,"column":17}},"3":{"start":{"line":6,"column":2},"end":{"line":8,"column":3}},"4":{"start":{"line":7,"column":4},"end":{"line":7,"column":18}},"5":{"start":{"line":10,"column":2},"end":{"line":25,"column":5}},"6":{"start":{"line":11,"column":4},"end":{"line":24,"column":5}},"7":{"start":{"line":12,"column":6},"end":{"line":16,"column":25}},"8":{"start":{"line":18,"column":6},"end":{"line":23,"column":15}},"9":{"start":{"line":27,"column":2},"end":{"line":27,"column":16}},"10":{"start":{"line":30,"column":18},"end":{"line":50,"column":1}},"11":{"start":{"line":31,"column":15},"end":{"line":48,"column":19}},"12":{"start":{"line":49,"column":2},"end":{"line":49,"column":14}}},"fnMap":{"0":{"name":"(anonymous_0)","decl":{"start":{"line":3,"column":20},"end":{"line":3,"column":21}},"loc":{"start":{"line":3,"column":31},"end":{"line":28,"column":1}},"line":3},"1":{"name":"(anonymous_1)","decl":{"start":{"line":10,"column":16},"end":{"line":10,"column":17}},"loc":{"start":{"line":10,"column":26},"end":{"line":25,"column":3}},"line":10},"2":{"name":"(anonymous_2)","decl":{"start":{"line":30,"column":18},"end":{"line":30,"column":19}},"loc":{"start":{"line":30,"column":24},"end":{"line":50,"column":1}},"line":30}},"branchMap":{"0":{"loc":{"start":{"line":6,"column":2},"end":{"line":8,"column":3}},"type":"if","locations":[{"start":{"line":6,"column":2},"end":{"line":8,"column":3}},{"start":{},"end":{}}],"line":6},"1":{"loc":{"start":{"line":11,"column":4},"end":{"line":24,"column":5}},"type":"if","locations":[{"start":{"line":11,"column":4},"end":{"line":24,"column":5}},{"start":{"line":17,"column":11},"end":{"line":24,"column":5}}],"line":11}},"s":{"0":1,"1":3,"2":3,"3":3,"4":0,"5":3,"6":6,"7":6,"8":0,"9":3,"10":1,"11":0,"12":0},"f":{"0":3,"1":6,"2":0},"b":{"0":[0,3],"1":[6,0]},"_coverageSchema":"1a1c01bbd47fc00a2c39e90264f33305004495a9","hash":"7070198b13bf1026e20baa843e9596fcfed2b64c"}
,"/home/olaish/Microverse/todo/src/modules/storage.js": {"path":"/home/olaish/Microverse/todo/src/modules/storage.js","statementMap":{"0":{"start":{"line":3,"column":4},"end":{"line":3,"column":57}},"1":{"start":{"line":7,"column":4},"end":{"line":7,"column":90}}},"fnMap":{"0":{"name":"(anonymous_0)","decl":{"start":{"line":2,"column":2},"end":{"line":2,"column":3}},"loc":{"start":{"line":2,"column":26},"end":{"line":4,"column":3}},"line":2},"1":{"name":"(anonymous_1)","decl":{"start":{"line":6,"column":2},"end":{"line":6,"column":3}},"loc":{"start":{"line":6,"column":19},"end":{"line":8,"column":3}},"line":6}},"branchMap":{"0":{"loc":{"start":{"line":7,"column":11},"end":{"line":7,"column":89}},"type":"cond-expr","locations":[{"start":{"line":7,"column":43},"end":{"line":7,"column":84}},{"start":{"line":7,"column":87},"end":{"line":7,"column":89}}],"line":7}},"s":{"0":4,"1":7},"f":{"0":4,"1":7},"b":{"0":[6,1]},"_coverageSchema":"1a1c01bbd47fc00a2c39e90264f33305004495a9","hash":"7b5b3673cd002a3034cbbe75a419b5676ccd4ee0"}
,"/home/olaish/Microverse/todo/src/modules/todosClass.js": {"path":"/home/olaish/Microverse/todo/src/modules/todosClass.js","statementMap":{"0":{"start":{"line":6,"column":4},"end":{"line":6,"column":39}},"1":{"start":{"line":9,"column":13},"end":{"line":19,"column":3}},"2":{"start":{"line":10,"column":18},"end":{"line":10,"column":35}},"3":{"start":{"line":11,"column":15},"end":{"line":11,"column":31}},"4":{"start":{"line":12,"column":4},"end":{"line":16,"column":7}},"5":{"start":{"line":17,"column":4},"end":{"line":17,"column":29}},"6":{"start":{"line":18,"column":4},"end":{"line":18,"column":42}},"7":{"start":{"line":21,"column":23},"end":{"line":24,"column":3}},"8":{"start":{"line":22,"column":22},"end":{"line":22,"column":35}},"9":{"start":{"line":23,"column":4},"end":{"line":23,"column":40}},"10":{"start":{"line":27,"column":16},"end":{"line":27,"column":40}},"11":{"start":{"line":28,"column":4},"end":{"line":32,"column":5}},"12":{"start":{"line":29,"column":6},"end":{"line":29,"column":65}},"13":{"start":{"line":29,"column":37},"end":{"line":29,"column":63}},"14":{"start":{"line":31,"column":6},"end":{"line":31,"column":62}},"15":{"start":{"line":31,"column":37},"end":{"line":31,"column":60}},"16":{"start":{"line":33,"column":4},"end":{"line":33,"column":34}},"17":{"start":{"line":36,"column":28},"end":{"line":43,"column":3}},"18":{"start":{"line":37,"column":12},"end":{"line":37,"column":13}},"19":{"start":{"line":38,"column":23},"end":{"line":38,"column":31}},"20":{"start":{"line":39,"column":4},"end":{"line":41,"column":5}},"21":{"start":{"line":40,"column":6},"end":{"line":40,"column":32}},"22":{"start":{"line":42,"column":4},"end":{"line":42,"column":32}}},"fnMap":{"0":{"name":"(anonymous_0)","decl":{"start":{"line":5,"column":2},"end":{"line":5,"column":3}},"loc":{"start":{"line":5,"column":29},"end":{"line":7,"column":3}},"line":5},"1":{"name":"(anonymous_1)","decl":{"start":{"line":9,"column":13},"end":{"line":9,"column":14}},"loc":{"start":{"line":9,"column":49},"end":{"line":19,"column":3}},"line":9},"2":{"name":"(anonymous_2)","decl":{"start":{"line":21,"column":23},"end":{"line":21,"column":24}},"loc":{"start":{"line":21,"column":42},"end":{"line":24,"column":3}},"line":21},"3":{"name":"(anonymous_3)","decl":{"start":{"line":26,"column":2},"end":{"line":26,"column":3}},"loc":{"start":{"line":26,"column":43},"end":{"line":34,"column":3}},"line":26},"4":{"name":"(anonymous_4)","decl":{"start":{"line":29,"column":27},"end":{"line":29,"column":28}},"loc":{"start":{"line":29,"column":37},"end":{"line":29,"column":63}},"line":29},"5":{"name":"(anonymous_5)","decl":{"start":{"line":31,"column":27},"end":{"line":31,"column":28}},"loc":{"start":{"line":31,"column":37},"end":{"line":31,"column":60}},"line":31},"6":{"name":"(anonymous_6)","decl":{"start":{"line":36,"column":28},"end":{"line":36,"column":29}},"loc":{"start":{"line":36,"column":42},"end":{"line":43,"column":3}},"line":36}},"branchMap":{"0":{"loc":{"start":{"line":9,"column":27},"end":{"line":9,"column":44}},"type":"default-arg","locations":[{"start":{"line":9,"column":39},"end":{"line":9,"column":44}}],"line":9},"1":{"loc":{"start":{"line":26,"column":28},"end":{"line":26,"column":41}},"type":"default-arg","locations":[{"start":{"line":26,"column":36},"end":{"line":26,"column":41}}],"line":26},"2":{"loc":{"start":{"line":28,"column":4},"end":{"line":32,"column":5}},"type":"if","locations":[{"start":{"line":28,"column":4},"end":{"line":32,"column":5}},{"start":{"line":30,"column":11},"end":{"line":32,"column":5}}],"line":28}},"s":{"0":1,"1":1,"2":3,"3":3,"4":3,"5":3,"6":3,"7":1,"8":3,"9":3,"10":1,"11":1,"12":0,"13":0,"14":1,"15":2,"16":1,"17":1,"18":1,"19":1,"20":1,"21":2,"22":1},"f":{"0":1,"1":3,"2":3,"3":1,"4":0,"5":2,"6":1},"b":{"0":[3],"1":[0],"2":[0,1]},"_coverageSchema":"1a1c01bbd47fc00a2c39e90264f33305004495a9","hash":"40bb5df5d694aa49f123e3abedaff3f93a852c21"}
}
