TN:
SF:src/modules/renderTodos.js
FN:3,(anonymous_0)
FN:10,(anonymous_1)
FN:30,(anonymous_2)
FNF:3
FNH:2
FNDA:3,(anonymous_0)
FNDA:6,(anonymous_1)
FNDA:0,(anonymous_2)
DA:3,1
DA:4,3
DA:5,3
DA:6,3
DA:7,0
DA:10,3
DA:11,6
DA:12,6
DA:18,0
DA:27,3
DA:30,1
DA:31,0
DA:49,0
LF:13
LH:9
BRDA:6,0,0,0
BRDA:6,0,1,3
BRDA:11,1,0,6
BRDA:11,1,1,0
BRF:4
BRH:2
end_of_record
TN:
SF:src/modules/storage.js
FN:2,(anonymous_0)
FN:6,(anonymous_1)
FNF:2
FNH:2
FNDA:4,(anonymous_0)
FNDA:7,(anonymous_1)
DA:3,4
DA:7,7
LF:2
LH:2
BRDA:7,0,0,6
BRDA:7,0,1,1
BRF:2
BRH:2
end_of_record
TN:
SF:src/modules/todosClass.js
FN:5,(anonymous_0)
FN:9,(anonymous_1)
FN:21,(anonymous_2)
FN:26,(anonymous_3)
FN:29,(anonymous_4)
FN:31,(anonymous_5)
FN:36,(anonymous_6)
FNF:7
FNH:6
FNDA:1,(anonymous_0)
FNDA:3,(anonymous_1)
FNDA:3,(anonymous_2)
FNDA:1,(anonymous_3)
FNDA:0,(anonymous_4)
FNDA:2,(anonymous_5)
FNDA:1,(anonymous_6)
DA:6,1
DA:9,1
DA:10,3
DA:11,3
DA:12,3
DA:17,3
DA:18,3
DA:21,1
DA:22,3
DA:23,3
DA:27,1
DA:28,1
DA:29,0
DA:31,2
DA:33,1
DA:36,1
DA:37,1
DA:38,1
DA:39,1
DA:40,2
DA:42,1
LF:21
LH:20
BRDA:9,0,0,3
BRDA:26,1,0,0
BRDA:28,2,0,0
BRDA:28,2,1,1
BRF:4
BRH:2
end_of_record
